
======================================================================
SEED = 0
======================================================================
  [ 1/15] lambda=0.05  m=0.5 ... z=0.9468  V=[$4,210 .. $21,151]
  [ 2/15] lambda=0.05  m=3.0 ... z=0.9281  V=[$4,210 .. $21,151]
  [ 3/15] lambda=0.05  m=5.0 ... z=0.9131  V=[$4,210 .. $21,151]
  [ 4/15] lambda=1.00  m=0.5 ... z=0.4173  V=[$5,520 .. $15,987]
  [ 5/15] lambda=1.00  m=3.0 ... z=0.4172  V=[$5,486 .. $16,077]
  [ 6/15] lambda=1.00  m=5.0 ... z=0.4172  V=[$5,486 .. $16,077]
  [ 7/15] lambda=3.00  m=0.5 ... z=0.1982  V=[$6,367 .. $13,619]
  [ 8/15] lambda=3.00  m=3.0 ... z=0.1854  V=[$6,345 .. $13,685]
  [ 9/15] lambda=3.00  m=5.0 ... z=0.1753  V=[$6,327 .. $13,737]
  [10/15] lambda=5.00  m=0.5 ... z=0.0707  V=[$6,531 .. $13,137]
  [11/15] lambda=5.00  m=3.0 ... z=0.0553  V=[$6,517 .. $13,177]
  [12/15] lambda=5.00  m=5.0 ... z=0.0431  V=[$6,507 .. $13,208]
  [13/15] lambda=10.00  m=0.5 ... z=-0.2080  V=[$6,651 .. $12,776]
  [14/15] lambda=10.00  m=3.0 ... z=-0.2254  V=[$6,645 .. $12,796]
  [15/15] lambda=10.00  m=5.0 ... z=-0.2392  V=[$6,640 .. $12,812]

  g*_mean : lambda=0.05  m=0.5  mean_regret=$1,141.29  V_mean=$11,966.27
  g*_worst: lambda=0.05  m=0.5  worst_regret=$3,118.39  V_worst=$4,209.56

======================================================================
SEED = 1
======================================================================
  [ 1/15] lambda=0.05  m=0.5 ... z=0.9468  V=[$3,996 .. $17,943]
  [ 2/15] lambda=0.05  m=3.0 ... z=0.9281  V=[$3,996 .. $17,943]
  [ 3/15] lambda=0.05  m=5.0 ... z=0.9131  V=[$3,996 .. $17,943]
  [ 4/15] lambda=1.00  m=0.5 ... z=0.4173  V=[$5,400 .. $15,727]
  [ 5/15] lambda=1.00  m=3.0 ... z=0.4172  V=[$5,364 .. $15,792]
  [ 6/15] lambda=1.00  m=5.0 ... z=0.4172  V=[$5,364 .. $15,792]
  [ 7/15] lambda=3.00  m=0.5 ... z=0.1982  V=[$6,298 .. $13,929]
  [ 8/15] lambda=3.00  m=3.0 ... z=0.1854  V=[$6,274 .. $13,981]
  [ 9/15] lambda=3.00  m=5.0 ... z=0.1753  V=[$6,255 .. $14,022]
  [10/15] lambda=5.00  m=0.5 ... z=0.0707  V=[$6,469 .. $13,550]
  [11/15] lambda=5.00  m=3.0 ... z=0.0553  V=[$6,455 .. $13,581]
  [12/15] lambda=5.00  m=5.0 ... z=0.0431  V=[$6,444 .. $13,606]
  [13/15] lambda=10.00  m=0.5 ... z=-0.2080  V=[$6,594 .. $13,262]
  [14/15] lambda=10.00  m=3.0 ... z=-0.2254  V=[$6,588 .. $13,278]
  [15/15] lambda=10.00  m=5.0 ... z=-0.2392  V=[$6,582 .. $13,290]

  g*_mean : lambda=0.05  m=0.5  mean_regret=$1,031.03  V_mean=$10,313.52
  g*_worst: lambda=1.00  m=5.0  worst_regret=$2,151.00  V_worst=$5,363.70

======================================================================
SEED = 2
======================================================================
  [ 1/15] lambda=0.05  m=0.5 ... z=0.9468  V=[$3,927 .. $18,926]
  [ 2/15] lambda=0.05  m=3.0 ... z=0.9281  V=[$3,927 .. $18,926]
  [ 3/15] lambda=0.05  m=5.0 ... z=0.9131  V=[$3,927 .. $18,926]
  [ 4/15] lambda=1.00  m=0.5 ... z=0.4173  V=[$5,255 .. $16,340]
  [ 5/15] lambda=1.00  m=3.0 ... z=0.4172  V=[$5,220 .. $16,416]
  [ 6/15] lambda=1.00  m=5.0 ... z=0.4172  V=[$5,220 .. $16,416]
  [ 7/15] lambda=3.00  m=0.5 ... z=0.1982  V=[$6,137 .. $14,246]
  [ 8/15] lambda=3.00  m=3.0 ... z=0.1854  V=[$6,113 .. $14,305]
  [ 9/15] lambda=3.00  m=5.0 ... z=0.1753  V=[$6,094 .. $14,353]
  [10/15] lambda=5.00  m=0.5 ... z=0.0707  V=[$6,309 .. $13,806]
  [11/15] lambda=5.00  m=3.0 ... z=0.0553  V=[$6,295 .. $13,843]
  [12/15] lambda=5.00  m=5.0 ... z=0.0431  V=[$6,284 .. $13,872]
  [13/15] lambda=10.00  m=0.5 ... z=-0.2080  V=[$6,437 .. $13,474]
  [14/15] lambda=10.00  m=3.0 ... z=-0.2254  V=[$6,430 .. $13,492]
  [15/15] lambda=10.00  m=5.0 ... z=-0.2392  V=[$6,424 .. $13,507]

  g*_mean : lambda=0.05  m=0.5  mean_regret=$1,087.42  V_mean=$10,420.89
  g*_worst: lambda=1.00  m=5.0  worst_regret=$2,509.39  V_worst=$5,220.11

======================================================================
SEED = 42
======================================================================
  [ 1/15] lambda=0.05  m=0.5 ... z=0.9468  V=[$3,027 .. $25,017]
  [ 2/15] lambda=0.05  m=3.0 ... z=0.9281  V=[$3,027 .. $25,017]
  [ 3/15] lambda=0.05  m=5.0 ... z=0.9131  V=[$3,027 .. $25,017]
  [ 4/15] lambda=1.00  m=0.5 ... z=0.4173  V=[$4,713 .. $18,999]
  [ 5/15] lambda=1.00  m=3.0 ... z=0.4172  V=[$4,664 .. $19,149]
  [ 6/15] lambda=1.00  m=5.0 ... z=0.4172  V=[$4,664 .. $19,149]
  [ 7/15] lambda=3.00  m=0.5 ... z=0.1982  V=[$6,083 .. $15,244]
  [ 8/15] lambda=3.00  m=3.0 ... z=0.1854  V=[$6,043 .. $15,343]
  [ 9/15] lambda=3.00  m=5.0 ... z=0.1753  V=[$6,011 .. $15,422]
  [10/15] lambda=5.00  m=0.5 ... z=0.0707  V=[$6,381 .. $14,531]
  [11/15] lambda=5.00  m=3.0 ... z=0.0553  V=[$6,357 .. $14,589]
  [12/15] lambda=5.00  m=5.0 ... z=0.0431  V=[$6,337 .. $14,636]
  [13/15] lambda=10.00  m=0.5 ... z=-0.2080  V=[$6,610 .. $14,006]
  [14/15] lambda=10.00  m=3.0 ... z=-0.2254  V=[$6,597 .. $14,035]
  [15/15] lambda=10.00  m=5.0 ... z=-0.2392  V=[$6,587 .. $14,058]

  g*_mean : lambda=0.05  m=3.0  mean_regret=$1,434.91  V_mean=$11,913.29
  g*_worst: lambda=0.05  m=3.0  worst_regret=$3,583.10  V_worst=$3,026.76

======================================================================
RESUMEN POR SEED
======================================================================
 seed  lam_mean  m_mean mean_regret V_mean_avg V_mean_worst ret_mean_avg  lam_worst  m_worst worst_regret V_worst_avg V_worst_worst ret_worst_min
    0      0.05     0.5   $1,141.29 $11,966.27    $4,209.56      +19.66%       0.05      0.5    $3,118.39  $11,966.27     $4,209.56       -57.90%
    1      0.05     0.5   $1,031.03 $10,313.52    $3,996.33       +3.14%       1.00      5.0    $2,151.00  $10,201.15     $5,363.70       -46.36%
    2      0.05     0.5   $1,087.42 $10,420.89    $3,926.65       +4.21%       1.00      5.0    $2,509.39  $10,314.71     $5,220.11       -47.80%
   42      0.05     3.0   $1,434.91 $11,913.29    $3,026.76      +19.13%       0.05      3.0    $3,583.10  $11,913.29     $3,026.76       -69.73%

--- Estabilidad de la seleccion ---
  g*_mean  distintos en 4 seeds: 2  -> [(0.05, 0.5), (0.05, 3.0)]
  g*_worst distintos en 4 seeds: 3 -> [(0.05, 0.5), (1.0, 5.0), (0.05, 3.0)]

--- Rango absoluto ---
  mean_regret   : [      1,031.03 ..       1,434.91]  spread=$403.89  (39.2% del min)
  worst_regret  : [      2,151.00 ..       3,583.10]  spread=$1,432.10  (66.6% del min)
  V_mean_avg    : [     10,313.52 ..      11,966.27]  spread=$1,652.75  (16.0% del min)
  V_worst_worst : [      3,026.76 ..       5,363.70]  spread=$2,336.95  (77.2% del min)

Guardado en: C:\Users\aunanue\Internship\Testing\SPC_Grid3\resultados\sensibilidad_seed.csv
