
======================================================================
SEED = 0
======================================================================
  [ 1/15] lambda=0.05  m=0.5 ... z=0.9468  V=[$4,106 .. $21,081]
  [ 2/15] lambda=0.05  m=3.0 ... z=0.9281  V=[$4,106 .. $21,081]
  [ 3/15] lambda=0.05  m=5.0 ... z=0.9131  V=[$4,106 .. $21,081]
  [ 4/15] lambda=1.00  m=0.5 ... z=0.4173  V=[$5,457 .. $16,840]
  [ 5/15] lambda=1.00  m=3.0 ... z=0.4172  V=[$5,423 .. $16,952]
  [ 6/15] lambda=1.00  m=5.0 ... z=0.4172  V=[$5,423 .. $16,952]
  [ 7/15] lambda=3.00  m=0.5 ... z=0.1982  V=[$6,332 .. $13,933]
  [ 8/15] lambda=3.00  m=3.0 ... z=0.1854  V=[$6,309 .. $14,012]
  [ 9/15] lambda=3.00  m=5.0 ... z=0.1753  V=[$6,290 .. $14,075]
  [10/15] lambda=5.00  m=0.5 ... z=0.0707  V=[$6,500 .. $13,361]
  [11/15] lambda=5.00  m=3.0 ... z=0.0553  V=[$6,487 .. $13,408]
  [12/15] lambda=5.00  m=5.0 ... z=0.0431  V=[$6,476 .. $13,445]
  [13/15] lambda=10.00  m=0.5 ... z=-0.2080  V=[$6,624 .. $12,936]
  [14/15] lambda=10.00  m=3.0 ... z=-0.2254  V=[$6,618 .. $12,959]
  [15/15] lambda=10.00  m=5.0 ... z=-0.2392  V=[$6,612 .. $12,978]

  g*_mean : lambda=0.05  m=3.0  mean_regret=$881.36  V_mean=$10,938.30
  g*_worst: lambda=0.05  m=0.5  worst_regret=$2,518.44  V_worst=$4,106.05

======================================================================
SEED = 1
======================================================================
  [ 1/15] lambda=0.05  m=0.5 ... z=0.9468  V=[$3,518 .. $27,696]
  [ 2/15] lambda=0.05  m=3.0 ... z=0.9281  V=[$3,518 .. $27,696]
  [ 3/15] lambda=0.05  m=5.0 ... z=0.9131  V=[$3,518 .. $27,696]
  [ 4/15] lambda=1.00  m=0.5 ... z=0.4173  V=[$5,084 .. $19,457]
  [ 5/15] lambda=1.00  m=3.0 ... z=0.4172  V=[$5,041 .. $19,648]
  [ 6/15] lambda=1.00  m=5.0 ... z=0.4172  V=[$5,041 .. $19,648]
  [ 7/15] lambda=3.00  m=0.5 ... z=0.1982  V=[$6,227 .. $14,910]
  [ 8/15] lambda=3.00  m=3.0 ... z=0.1854  V=[$6,195 .. $15,025]
  [ 9/15] lambda=3.00  m=5.0 ... z=0.1753  V=[$6,169 .. $15,117]
  [10/15] lambda=5.00  m=0.5 ... z=0.0707  V=[$6,461 .. $14,089]
  [11/15] lambda=5.00  m=3.0 ... z=0.0553  V=[$6,442 .. $14,155]
  [12/15] lambda=5.00  m=5.0 ... z=0.0431  V=[$6,426 .. $14,209]
  [13/15] lambda=10.00  m=0.5 ... z=-0.2080  V=[$6,638 .. $13,493]
  [14/15] lambda=10.00  m=3.0 ... z=-0.2254  V=[$6,628 .. $13,525]
  [15/15] lambda=10.00  m=5.0 ... z=-0.2392  V=[$6,620 .. $13,551]

  g*_mean : lambda=0.05  m=0.5  mean_regret=$1,063.88  V_mean=$12,287.14
  g*_worst: lambda=0.05  m=0.5  worst_regret=$3,119.63  V_worst=$3,518.21

======================================================================
SEED = 2
======================================================================
  [ 1/15] lambda=0.05  m=0.5 ... z=0.9468  V=[$4,184 .. $25,376]
  [ 2/15] lambda=0.05  m=3.0 ... z=0.9281  V=[$4,184 .. $25,376]
  [ 3/15] lambda=0.05  m=5.0 ... z=0.9131  V=[$4,184 .. $25,376]
  [ 4/15] lambda=1.00  m=0.5 ... z=0.4173  V=[$5,416 .. $18,551]
  [ 5/15] lambda=1.00  m=3.0 ... z=0.4172  V=[$5,384 .. $18,716]
  [ 6/15] lambda=1.00  m=5.0 ... z=0.4172  V=[$5,384 .. $18,716]
  [ 7/15] lambda=3.00  m=0.5 ... z=0.1982  V=[$6,219 .. $14,551]
  [ 8/15] lambda=3.00  m=3.0 ... z=0.1854  V=[$6,197 .. $14,655]
  [ 9/15] lambda=3.00  m=5.0 ... z=0.1753  V=[$6,180 .. $14,738]
  [10/15] lambda=5.00  m=0.5 ... z=0.0707  V=[$6,375 .. $13,811]
  [11/15] lambda=5.00  m=3.0 ... z=0.0553  V=[$6,362 .. $13,871]
  [12/15] lambda=5.00  m=5.0 ... z=0.0431  V=[$6,352 .. $13,920]
  [13/15] lambda=10.00  m=0.5 ... z=-0.2080  V=[$6,491 .. $13,270]
  [14/15] lambda=10.00  m=3.0 ... z=-0.2254  V=[$6,485 .. $13,300]
  [15/15] lambda=10.00  m=5.0 ... z=-0.2392  V=[$6,480 .. $13,323]

  g*_mean : lambda=0.05  m=0.5  mean_regret=$1,246.18  V_mean=$11,005.18
  g*_worst: lambda=0.05  m=0.5  worst_regret=$2,307.46  V_worst=$4,183.51

======================================================================
SEED = 42
======================================================================
  [ 1/15] lambda=0.05  m=0.5 ... z=0.9468  V=[$3,888 .. $23,731]
  [ 2/15] lambda=0.05  m=3.0 ... z=0.9281  V=[$3,888 .. $23,731]
  [ 3/15] lambda=0.05  m=5.0 ... z=0.9131  V=[$3,888 .. $23,731]
  [ 4/15] lambda=1.00  m=0.5 ... z=0.4173  V=[$5,252 .. $18,261]
  [ 5/15] lambda=1.00  m=3.0 ... z=0.4172  V=[$5,215 .. $18,400]
  [ 6/15] lambda=1.00  m=5.0 ... z=0.4172  V=[$5,215 .. $18,400]
  [ 7/15] lambda=3.00  m=0.5 ... z=0.1982  V=[$6,201 .. $14,751]
  [ 8/15] lambda=3.00  m=3.0 ... z=0.1854  V=[$6,175 .. $14,844]
  [ 9/15] lambda=3.00  m=5.0 ... z=0.1753  V=[$6,154 .. $14,919]
  [10/15] lambda=5.00  m=0.5 ... z=0.0707  V=[$6,392 .. $14,077]
  [11/15] lambda=5.00  m=3.0 ... z=0.0553  V=[$6,377 .. $14,132]
  [12/15] lambda=5.00  m=5.0 ... z=0.0431  V=[$6,364 .. $14,176]
  [13/15] lambda=10.00  m=0.5 ... z=-0.2080  V=[$6,536 .. $13,580]
  [14/15] lambda=10.00  m=3.0 ... z=-0.2254  V=[$6,528 .. $13,607]
  [15/15] lambda=10.00  m=5.0 ... z=-0.2392  V=[$6,521 .. $13,629]

  g*_mean : lambda=0.05  m=0.5  mean_regret=$773.49  V_mean=$11,659.06
  g*_worst: lambda=0.05  m=0.5  worst_regret=$2,648.07  V_worst=$3,887.53

======================================================================
RESUMEN POR SEED
======================================================================
 seed  lam_mean  m_mean mean_regret V_mean_avg V_mean_worst ret_mean_avg  lam_worst  m_worst worst_regret V_worst_avg V_worst_worst ret_worst_min
    0      0.05     3.0     $881.36 $10,938.30    $4,106.05       +9.38%       0.05      0.5    $2,518.44  $10,938.30     $4,106.05       -58.94%
    1      0.05     0.5   $1,063.88 $12,287.14    $3,518.21      +22.87%       0.05      0.5    $3,119.63  $12,287.14     $3,518.21       -64.82%
    2      0.05     0.5   $1,246.18 $11,005.18    $4,183.51      +10.05%       0.05      0.5    $2,307.46  $11,005.18     $4,183.51       -58.16%
   42      0.05     0.5     $773.49 $11,659.06    $3,887.53      +16.59%       0.05      0.5    $2,648.07  $11,659.06     $3,887.53       -61.12%

--- Estabilidad de la seleccion ---
  g*_mean  distintos en 4 seeds: 2  -> [(0.05, 3.0), (0.05, 0.5)]
  g*_worst distintos en 4 seeds: 1 -> [(0.05, 0.5)]

--- Rango absoluto ---
  mean_regret   : [        773.49 ..       1,246.18]  spread=$472.69  (61.1% del min)
  worst_regret  : [      2,307.46 ..       3,119.63]  spread=$812.16  (35.2% del min)
  V_mean_avg    : [     10,938.30 ..      12,287.14]  spread=$1,348.85  (12.3% del min)
  V_worst_worst : [      3,518.21 ..       4,183.51]  spread=$665.30  (18.9% del min)

Guardado en: C:\Users\aunanue\Internship\Testing\SPC_Grid3\resultados\sensibilidad_seed.csv
